yarn run v1.22.22
$ next build
 ⚠ Warning: Found multiple lockfiles. Selecting /Users/batson/package-lock.json.
   Consider removing the lockfiles at:
   * /Users/batson/Desktop/ForTheNerds/CreatorBid/lunar-oracle/yarn.lock

   ▲ Next.js 15.4.6
   - Environments: .env.local

   Creating an optimized production build ...
 ✓ Compiled successfully in 4.0s
   Linting and checking validity of types ...

./src/components/dashboard/MainDashboard.tsx
7:8  Warning: 'Loading' is defined but never used.  @typescript-eslint/no-unused-vars
16:10  Warning: 'isAnalyzing' is assigned a value but never used.  @typescript-eslint/no-unused-vars

info  - Need to disable some ESLint rules? Learn more here: https://nextjs.org/docs/app/api-reference/config/eslint#disabling-rules
   Collecting page data ...
   Generating static pages (0/5) ...
   Generating static pages (1/5) 
   Generating static pages (2/5) 
   Generating static pages (3/5) 
 ✓ Generating static pages (5/5)
   Finalizing page optimization ...
   Collecting build traces ...

Route (app)                                 Size  First Load JS
┌ ○ /                                    80.2 kB         180 kB
└ ○ /_not-found                            991 B         101 kB
+ First Load JS shared by all            99.6 kB
  ├ chunks/4bd1b696-cf72ae8a39fa05aa.js  54.1 kB
  ├ chunks/964-7a34cadcb7695cec.js       43.5 kB
  └ other shared chunks (total)           1.9 kB


○  (Static)  prerendered as static content

Done in 15.87s.
