yarn run v1.22.22
$ next build
 ⚠ Warning: Found multiple lockfiles. Selecting /Users/batson/package-lock.json.
   Consider removing the lockfiles at:
   * /Users/batson/Desktop/ForTheNerds/CreatorBid/lunar-oracle/package-lock.json

   ▲ Next.js 15.4.6
   - Environments: .env.local

   Creating an optimized production build ...
<w> [webpack.cache.PackFileCacheStrategy] Serializing big strings (198kiB) impacts deserialization performance (consider using Buffer instead and decode when needed)
<w> [webpack.cache.PackFileCacheStrategy] Serializing big strings (198kiB) impacts deserialization performance (consider using Buffer instead and decode when needed)
<w> [webpack.cache.PackFileCacheStrategy] Serializing big strings (198kiB) impacts deserialization performance (consider using Buffer instead and decode when needed)
<w> [webpack.cache.PackFileCacheStrategy] Serializing big strings (198kiB) impacts deserialization performance (consider using Buffer instead and decode when needed)
<w> [webpack.cache.PackFileCacheStrategy] Serializing big strings (198kiB) impacts deserialization performance (consider using Buffer instead and decode when needed)
<w> [webpack.cache.PackFileCacheStrategy] Serializing big strings (198kiB) impacts deserialization performance (consider using Buffer instead and decode when needed)
<w> [webpack.cache.PackFileCacheStrategy] Serializing big strings (198kiB) impacts deserialization performance (consider using Buffer instead and decode when needed)
<w> [webpack.cache.PackFileCacheStrategy] Serializing big strings (198kiB) impacts deserialization performance (consider using Buffer instead and decode when needed)
 ✓ Compiled successfully in 3.0s
   Linting and checking validity of types ...
Failed to compile.

./src/lib/lunarcrush-enhanced.ts:115:33
Type error: Property 'social_volume' does not exist on type '{ __typename?: "CoinDetails" | undefined; id?: number | null | undefined; name?: string | null | undefined; symbol?: string | null | undefined; price?: number | null | undefined; price_btc?: number | ... 1 more ... | undefined; ... 11 more ...; market_cap_rank?: number | ... 1 more ... | undefined; }'.

[0m [90m 113 |[39m         galaxy_score[33m:[39m coinData[33m.[39mgalaxy_score [33m||[39m [35m0[39m[33m,[39m
 [90m 114 |[39m         alt_rank[33m:[39m coinData[33m.[39malt_rank [33m||[39m [35m999[39m[33m,[39m
[31m[1m>[22m[39m[90m 115 |[39m         social_volume[33m:[39m coinData[33m.[39msocial_volume [33m||[39m [35m0[39m[33m,[39m
 [90m     |[39m                                 [31m[1m^[22m[39m
 [90m 116 |[39m         social_volume_24h[33m:[39m coinData[33m.[39msocial_volume_24h [33m||[39m [35m0[39m[33m,[39m
 [90m 117 |[39m         sentiment[33m:[39m coinData[33m.[39msentiment [33m||[39m [35m0[39m[33m,[39m
 [90m 118 |[39m         social_dominance[33m:[39m coinData[33m.[39msocial_dominance [33m||[39m [35m0[39m[33m,[39m[0m
Next.js build worker exited with code: 1 and signal: null
error Command failed with exit code 1.
info Visit https://yarnpkg.com/en/docs/cli/run for documentation about this command.
